<?xml version="1.0" encoding="UTF-8"?>
<!-- Generated by org.testng.reporters.JUnitReportReporter -->
<testsuite skipped="0" hostname="Sekolahmus-MacBook-Pro-5.local" name="org.example.AppTest" tests="1" failures="0" timestamp="2024-01-28T10:36:23 WIB" time="13.382" errors="0">
  <testcase name="TestCase1" time="13.382" classname="org.example.AppTest"/>
  <system-out/>
</testsuite> <!-- org.example.AppTest -->
