<?xml version="1.0" encoding="UTF-8"?>
<!-- Generated by org.testng.reporters.JUnitReportReporter -->
<testsuite skipped="0" hostname="Sekolahmus-MacBook-Pro-5.local" name="org.example.tests.HomePageTest" tests="1" failures="0" timestamp="2024-02-03T10:19:51 WIB" time="4.666" errors="0">
  <testcase name="searchEmailAddress" time="4.666" classname="org.example.tests.HomePageTest"/>
  <system-out/>
</testsuite> <!-- org.example.tests.HomePageTest -->
