<?xml version="1.0" encoding="UTF-8"?>
<testsuite xmlns:xsi="http://www.w3.org/2001/XMLSchema-instance" xsi:noNamespaceSchemaLocation="https://maven.apache.org/surefire/maven-surefire-plugin/xsd/surefire-test-report-3.0.xsd" version="3.0" name="org.example.AppTest" time="13.803" tests="1" errors="0" skipped="0" failures="0">
  <properties>
    <property name="gopherProxySet" value="false"/>
    <property name="awt.toolkit" value="sun.lwawt.macosx.LWCToolkit"/>
    <property name="file.encoding.pkg" value="sun.io"/>
    <property name="java.specification.version" value="1.8"/>
    <property name="sun.cpu.isalist" value=""/>
    <property name="sun.jnu.encoding" value="UTF-8"/>
    <property name="java.class.path" value="/Users/alfifarikhchevelian/YopmailAutomationAlfi/target/test-classes:/Users/alfifarikhchevelian/YopmailAutomationAlfi/target/classes:/Users/alfifarikhchevelian/.m2/repository/junit/junit/3.8.1/junit-3.8.1.jar:/Users/alfifarikhchevelian/.m2/repository/org/seleniumhq/selenium/selenium-java/4.8.0/selenium-java-4.8.0.jar:/Users/alfifarikhchevelian/.m2/repository/org/seleniumhq/selenium/selenium-api/4.8.0/selenium-api-4.8.0.jar:/Users/alfifarikhchevelian/.m2/repository/org/seleniumhq/selenium/selenium-chrome-driver/4.8.0/selenium-chrome-driver-4.8.0.jar:/Users/alfifarikhchevelian/.m2/repository/com/google/auto/service/auto-service-annotations/1.0.1/auto-service-annotations-1.0.1.jar:/Users/alfifarikhchevelian/.m2/repository/com/google/auto/service/auto-service/1.0.1/auto-service-1.0.1.jar:/Users/alfifarikhchevelian/.m2/repository/com/google/auto/auto-common/1.2/auto-common-1.2.jar:/Users/alfifarikhchevelian/.m2/repository/com/google/guava/guava/31.1-jre/guava-31.1-jre.jar:/Users/alfifarikhchevelian/.m2/repository/com/google/guava/failureaccess/1.0.1/failureaccess-1.0.1.jar:/Users/alfifarikhchevelian/.m2/repository/com/google/guava/listenablefuture/9999.0-empty-to-avoid-conflict-with-guava/listenablefuture-9999.0-empty-to-avoid-conflict-with-guava.jar:/Users/alfifarikhchevelian/.m2/repository/org/checkerframework/checker-qual/3.12.0/checker-qual-3.12.0.jar:/Users/alfifarikhchevelian/.m2/repository/com/google/errorprone/error_prone_annotations/2.11.0/error_prone_annotations-2.11.0.jar:/Users/alfifarikhchevelian/.m2/repository/com/google/j2objc/j2objc-annotations/1.3/j2objc-annotations-1.3.jar:/Users/alfifarikhchevelian/.m2/repository/org/seleniumhq/selenium/selenium-chromium-driver/4.8.0/selenium-chromium-driver-4.8.0.jar:/Users/alfifarikhchevelian/.m2/repository/org/seleniumhq/selenium/selenium-json/4.8.0/selenium-json-4.8.0.jar:/Users/alfifarikhchevelian/.m2/repository/org/seleniumhq/selenium/selenium-devtools-v107/4.8.0/selenium-devtools-v107-4.8.0.jar:/Users/alfifarikhchevelian/.m2/repository/org/seleniumhq/selenium/selenium-devtools-v108/4.8.0/selenium-devtools-v108-4.8.0.jar:/Users/alfifarikhchevelian/.m2/repository/org/seleniumhq/selenium/selenium-devtools-v109/4.8.0/selenium-devtools-v109-4.8.0.jar:/Users/alfifarikhchevelian/.m2/repository/org/seleniumhq/selenium/selenium-devtools-v85/4.8.0/selenium-devtools-v85-4.8.0.jar:/Users/alfifarikhchevelian/.m2/repository/org/seleniumhq/selenium/selenium-edge-driver/4.8.0/selenium-edge-driver-4.8.0.jar:/Users/alfifarikhchevelian/.m2/repository/org/seleniumhq/selenium/selenium-firefox-driver/4.8.0/selenium-firefox-driver-4.8.0.jar:/Users/alfifarikhchevelian/.m2/repository/org/seleniumhq/selenium/selenium-http/4.8.0/selenium-http-4.8.0.jar:/Users/alfifarikhchevelian/.m2/repository/dev/failsafe/failsafe/3.3.0/failsafe-3.3.0.jar:/Users/alfifarikhchevelian/.m2/repository/org/seleniumhq/selenium/selenium-ie-driver/4.8.0/selenium-ie-driver-4.8.0.jar:/Users/alfifarikhchevelian/.m2/repository/org/seleniumhq/selenium/selenium-remote-driver/4.8.0/selenium-remote-driver-4.8.0.jar:/Users/alfifarikhchevelian/.m2/repository/io/netty/netty-buffer/4.1.87.Final/netty-buffer-4.1.87.Final.jar:/Users/alfifarikhchevelian/.m2/repository/io/netty/netty-codec-http/4.1.87.Final/netty-codec-http-4.1.87.Final.jar:/Users/alfifarikhchevelian/.m2/repository/io/netty/netty-codec/4.1.87.Final/netty-codec-4.1.87.Final.jar:/Users/alfifarikhchevelian/.m2/repository/io/netty/netty-handler/4.1.87.Final/netty-handler-4.1.87.Final.jar:/Users/alfifarikhchevelian/.m2/repository/io/netty/netty-common/4.1.87.Final/netty-common-4.1.87.Final.jar:/Users/alfifarikhchevelian/.m2/repository/io/netty/netty-transport-classes-epoll/4.1.87.Final/netty-transport-classes-epoll-4.1.87.Final.jar:/Users/alfifarikhchevelian/.m2/repository/io/netty/netty-transport-classes-kqueue/4.1.87.Final/netty-transport-classes-kqueue-4.1.87.Final.jar:/Users/alfifarikhchevelian/.m2/repository/io/netty/netty-transport-native-epoll/4.1.87.Final/netty-transport-native-epoll-4.1.87.Final.jar:/Users/alfifarikhchevelian/.m2/repository/io/netty/netty-transport-native-kqueue/4.1.87.Final/netty-transport-native-kqueue-4.1.87.Final.jar:/Users/alfifarikhchevelian/.m2/repository/io/netty/netty-transport-native-unix-common/4.1.87.Final/netty-transport-native-unix-common-4.1.87.Final.jar:/Users/alfifarikhchevelian/.m2/repository/io/netty/netty-transport/4.1.87.Final/netty-transport-4.1.87.Final.jar:/Users/alfifarikhchevelian/.m2/repository/io/netty/netty-resolver/4.1.87.Final/netty-resolver-4.1.87.Final.jar:/Users/alfifarikhchevelian/.m2/repository/io/opentelemetry/opentelemetry-api/1.22.0/opentelemetry-api-1.22.0.jar:/Users/alfifarikhchevelian/.m2/repository/io/opentelemetry/opentelemetry-context/1.22.0/opentelemetry-context-1.22.0.jar:/Users/alfifarikhchevelian/.m2/repository/io/opentelemetry/opentelemetry-exporter-logging/1.22.0/opentelemetry-exporter-logging-1.22.0.jar:/Users/alfifarikhchevelian/.m2/repository/io/opentelemetry/opentelemetry-sdk-metrics/1.22.0/opentelemetry-sdk-metrics-1.22.0.jar:/Users/alfifarikhchevelian/.m2/repository/io/opentelemetry/opentelemetry-sdk-logs/1.22.0-alpha/opentelemetry-sdk-logs-1.22.0-alpha.jar:/Users/alfifarikhchevelian/.m2/repository/io/opentelemetry/opentelemetry-api-logs/1.22.0-alpha/opentelemetry-api-logs-1.22.0-alpha.jar:/Users/alfifarikhchevelian/.m2/repository/io/opentelemetry/opentelemetry-sdk-common/1.22.0/opentelemetry-sdk-common-1.22.0.jar:/Users/alfifarikhchevelian/.m2/repository/io/opentelemetry/opentelemetry-sdk-extension-autoconfigure-spi/1.22.0/opentelemetry-sdk-extension-autoconfigure-spi-1.22.0.jar:/Users/alfifarikhchevelian/.m2/repository/io/opentelemetry/opentelemetry-sdk-extension-autoconfigure/1.22.0-alpha/opentelemetry-sdk-extension-autoconfigure-1.22.0-alpha.jar:/Users/alfifarikhchevelian/.m2/repository/io/opentelemetry/opentelemetry-sdk-trace/1.22.0/opentelemetry-sdk-trace-1.22.0.jar:/Users/alfifarikhchevelian/.m2/repository/io/opentelemetry/opentelemetry-sdk/1.22.0/opentelemetry-sdk-1.22.0.jar:/Users/alfifarikhchevelian/.m2/repository/io/opentelemetry/opentelemetry-semconv/1.22.0-alpha/opentelemetry-semconv-1.22.0-alpha.jar:/Users/alfifarikhchevelian/.m2/repository/io/ous/jtoml/2.0.0/jtoml-2.0.0.jar:/Users/alfifarikhchevelian/.m2/repository/net/bytebuddy/byte-buddy/1.12.22/byte-buddy-1.12.22.jar:/Users/alfifarikhchevelian/.m2/repository/org/apache/commons/commons-exec/1.3/commons-exec-1.3.jar:/Users/alfifarikhchevelian/.m2/repository/org/asynchttpclient/async-http-client/2.12.3/async-http-client-2.12.3.jar:/Users/alfifarikhchevelian/.m2/repository/org/asynchttpclient/async-http-client-netty-utils/2.12.3/async-http-client-netty-utils-2.12.3.jar:/Users/alfifarikhchevelian/.m2/repository/io/netty/netty-codec-socks/4.1.60.Final/netty-codec-socks-4.1.60.Final.jar:/Users/alfifarikhchevelian/.m2/repository/io/netty/netty-handler-proxy/4.1.60.Final/netty-handler-proxy-4.1.60.Final.jar:/Users/alfifarikhchevelian/.m2/repository/io/netty/netty-transport-native-epoll/4.1.60.Final/netty-transport-native-epoll-4.1.60.Final-linux-x86_64.jar:/Users/alfifarikhchevelian/.m2/repository/io/netty/netty-transport-native-kqueue/4.1.60.Final/netty-transport-native-kqueue-4.1.60.Final-osx-x86_64.jar:/Users/alfifarikhchevelian/.m2/repository/org/reactivestreams/reactive-streams/1.0.3/reactive-streams-1.0.3.jar:/Users/alfifarikhchevelian/.m2/repository/com/typesafe/netty/netty-reactive-streams/2.0.4/netty-reactive-streams-2.0.4.jar:/Users/alfifarikhchevelian/.m2/repository/org/slf4j/slf4j-api/1.7.30/slf4j-api-1.7.30.jar:/Users/alfifarikhchevelian/.m2/repository/com/sun/activation/jakarta.activation/1.2.2/jakarta.activation-1.2.2.jar:/Users/alfifarikhchevelian/.m2/repository/org/seleniumhq/selenium/selenium-manager/4.8.0/selenium-manager-4.8.0.jar:/Users/alfifarikhchevelian/.m2/repository/org/seleniumhq/selenium/selenium-safari-driver/4.8.0/selenium-safari-driver-4.8.0.jar:/Users/alfifarikhchevelian/.m2/repository/org/seleniumhq/selenium/selenium-support/4.8.0/selenium-support-4.8.0.jar:/Users/alfifarikhchevelian/.m2/repository/org/testng/testng/7.5.1/testng-7.5.1.jar:/Users/alfifarikhchevelian/.m2/repository/com/google/code/findbugs/jsr305/3.0.1/jsr305-3.0.1.jar:/Users/alfifarikhchevelian/.m2/repository/com/beust/jcommander/1.78/jcommander-1.78.jar:/Users/alfifarikhchevelian/.m2/repository/org/webjars/jquery/3.5.1/jquery-3.5.1.jar:"/>
    <property name="java.vm.vendor" value="Amazon.com Inc."/>
    <property name="sun.arch.data.model" value="64"/>
    <property name="java.vendor.url" value="https://aws.amazon.com/corretto/"/>
    <property name="user.timezone" value="Asia/Jakarta"/>
    <property name="java.vm.specification.version" value="1.8"/>
    <property name="os.name" value="Mac OS X"/>
    <property name="user.country" value="ID"/>
    <property name="sun.java.launcher" value="SUN_STANDARD"/>
    <property name="sun.boot.library.path" value="/Users/alfifarikhchevelian/Library/Java/JavaVirtualMachines/corretto-1.8.0_382/Contents/Home/jre/lib"/>
    <property name="sun.java.command" value="/Users/alfifarikhchevelian/YopmailAutomationAlfi/target/surefire/surefirebooter-20240128103609655_3.jar /Users/alfifarikhchevelian/YopmailAutomationAlfi/target/surefire 2024-01-28T10-36-09_546-jvmRun1 surefire-20240128103609655_1tmp surefire_0-20240128103609655_2tmp"/>
    <property name="http.nonProxyHosts" value="local|*.local|169.254/16|*.169.254/16"/>
    <property name="surefire.test.class.path" value="/Users/alfifarikhchevelian/YopmailAutomationAlfi/target/test-classes:/Users/alfifarikhchevelian/YopmailAutomationAlfi/target/classes:/Users/alfifarikhchevelian/.m2/repository/junit/junit/3.8.1/junit-3.8.1.jar:/Users/alfifarikhchevelian/.m2/repository/org/seleniumhq/selenium/selenium-java/4.8.0/selenium-java-4.8.0.jar:/Users/alfifarikhchevelian/.m2/repository/org/seleniumhq/selenium/selenium-api/4.8.0/selenium-api-4.8.0.jar:/Users/alfifarikhchevelian/.m2/repository/org/seleniumhq/selenium/selenium-chrome-driver/4.8.0/selenium-chrome-driver-4.8.0.jar:/Users/alfifarikhchevelian/.m2/repository/com/google/auto/service/auto-service-annotations/1.0.1/auto-service-annotations-1.0.1.jar:/Users/alfifarikhchevelian/.m2/repository/com/google/auto/service/auto-service/1.0.1/auto-service-1.0.1.jar:/Users/alfifarikhchevelian/.m2/repository/com/google/auto/auto-common/1.2/auto-common-1.2.jar:/Users/alfifarikhchevelian/.m2/repository/com/google/guava/guava/31.1-jre/guava-31.1-jre.jar:/Users/alfifarikhchevelian/.m2/repository/com/google/guava/failureaccess/1.0.1/failureaccess-1.0.1.jar:/Users/alfifarikhchevelian/.m2/repository/com/google/guava/listenablefuture/9999.0-empty-to-avoid-conflict-with-guava/listenablefuture-9999.0-empty-to-avoid-conflict-with-guava.jar:/Users/alfifarikhchevelian/.m2/repository/org/checkerframework/checker-qual/3.12.0/checker-qual-3.12.0.jar:/Users/alfifarikhchevelian/.m2/repository/com/google/errorprone/error_prone_annotations/2.11.0/error_prone_annotations-2.11.0.jar:/Users/alfifarikhchevelian/.m2/repository/com/google/j2objc/j2objc-annotations/1.3/j2objc-annotations-1.3.jar:/Users/alfifarikhchevelian/.m2/repository/org/seleniumhq/selenium/selenium-chromium-driver/4.8.0/selenium-chromium-driver-4.8.0.jar:/Users/alfifarikhchevelian/.m2/repository/org/seleniumhq/selenium/selenium-json/4.8.0/selenium-json-4.8.0.jar:/Users/alfifarikhchevelian/.m2/repository/org/seleniumhq/selenium/selenium-devtools-v107/4.8.0/selenium-devtools-v107-4.8.0.jar:/Users/alfifarikhchevelian/.m2/repository/org/seleniumhq/selenium/selenium-devtools-v108/4.8.0/selenium-devtools-v108-4.8.0.jar:/Users/alfifarikhchevelian/.m2/repository/org/seleniumhq/selenium/selenium-devtools-v109/4.8.0/selenium-devtools-v109-4.8.0.jar:/Users/alfifarikhchevelian/.m2/repository/org/seleniumhq/selenium/selenium-devtools-v85/4.8.0/selenium-devtools-v85-4.8.0.jar:/Users/alfifarikhchevelian/.m2/repository/org/seleniumhq/selenium/selenium-edge-driver/4.8.0/selenium-edge-driver-4.8.0.jar:/Users/alfifarikhchevelian/.m2/repository/org/seleniumhq/selenium/selenium-firefox-driver/4.8.0/selenium-firefox-driver-4.8.0.jar:/Users/alfifarikhchevelian/.m2/repository/org/seleniumhq/selenium/selenium-http/4.8.0/selenium-http-4.8.0.jar:/Users/alfifarikhchevelian/.m2/repository/dev/failsafe/failsafe/3.3.0/failsafe-3.3.0.jar:/Users/alfifarikhchevelian/.m2/repository/org/seleniumhq/selenium/selenium-ie-driver/4.8.0/selenium-ie-driver-4.8.0.jar:/Users/alfifarikhchevelian/.m2/repository/org/seleniumhq/selenium/selenium-remote-driver/4.8.0/selenium-remote-driver-4.8.0.jar:/Users/alfifarikhchevelian/.m2/repository/io/netty/netty-buffer/4.1.87.Final/netty-buffer-4.1.87.Final.jar:/Users/alfifarikhchevelian/.m2/repository/io/netty/netty-codec-http/4.1.87.Final/netty-codec-http-4.1.87.Final.jar:/Users/alfifarikhchevelian/.m2/repository/io/netty/netty-codec/4.1.87.Final/netty-codec-4.1.87.Final.jar:/Users/alfifarikhchevelian/.m2/repository/io/netty/netty-handler/4.1.87.Final/netty-handler-4.1.87.Final.jar:/Users/alfifarikhchevelian/.m2/repository/io/netty/netty-common/4.1.87.Final/netty-common-4.1.87.Final.jar:/Users/alfifarikhchevelian/.m2/repository/io/netty/netty-transport-classes-epoll/4.1.87.Final/netty-transport-classes-epoll-4.1.87.Final.jar:/Users/alfifarikhchevelian/.m2/repository/io/netty/netty-transport-classes-kqueue/4.1.87.Final/netty-transport-classes-kqueue-4.1.87.Final.jar:/Users/alfifarikhchevelian/.m2/repository/io/netty/netty-transport-native-epoll/4.1.87.Final/netty-transport-native-epoll-4.1.87.Final.jar:/Users/alfifarikhchevelian/.m2/repository/io/netty/netty-transport-native-kqueue/4.1.87.Final/netty-transport-native-kqueue-4.1.87.Final.jar:/Users/alfifarikhchevelian/.m2/repository/io/netty/netty-transport-native-unix-common/4.1.87.Final/netty-transport-native-unix-common-4.1.87.Final.jar:/Users/alfifarikhchevelian/.m2/repository/io/netty/netty-transport/4.1.87.Final/netty-transport-4.1.87.Final.jar:/Users/alfifarikhchevelian/.m2/repository/io/netty/netty-resolver/4.1.87.Final/netty-resolver-4.1.87.Final.jar:/Users/alfifarikhchevelian/.m2/repository/io/opentelemetry/opentelemetry-api/1.22.0/opentelemetry-api-1.22.0.jar:/Users/alfifarikhchevelian/.m2/repository/io/opentelemetry/opentelemetry-context/1.22.0/opentelemetry-context-1.22.0.jar:/Users/alfifarikhchevelian/.m2/repository/io/opentelemetry/opentelemetry-exporter-logging/1.22.0/opentelemetry-exporter-logging-1.22.0.jar:/Users/alfifarikhchevelian/.m2/repository/io/opentelemetry/opentelemetry-sdk-metrics/1.22.0/opentelemetry-sdk-metrics-1.22.0.jar:/Users/alfifarikhchevelian/.m2/repository/io/opentelemetry/opentelemetry-sdk-logs/1.22.0-alpha/opentelemetry-sdk-logs-1.22.0-alpha.jar:/Users/alfifarikhchevelian/.m2/repository/io/opentelemetry/opentelemetry-api-logs/1.22.0-alpha/opentelemetry-api-logs-1.22.0-alpha.jar:/Users/alfifarikhchevelian/.m2/repository/io/opentelemetry/opentelemetry-sdk-common/1.22.0/opentelemetry-sdk-common-1.22.0.jar:/Users/alfifarikhchevelian/.m2/repository/io/opentelemetry/opentelemetry-sdk-extension-autoconfigure-spi/1.22.0/opentelemetry-sdk-extension-autoconfigure-spi-1.22.0.jar:/Users/alfifarikhchevelian/.m2/repository/io/opentelemetry/opentelemetry-sdk-extension-autoconfigure/1.22.0-alpha/opentelemetry-sdk-extension-autoconfigure-1.22.0-alpha.jar:/Users/alfifarikhchevelian/.m2/repository/io/opentelemetry/opentelemetry-sdk-trace/1.22.0/opentelemetry-sdk-trace-1.22.0.jar:/Users/alfifarikhchevelian/.m2/repository/io/opentelemetry/opentelemetry-sdk/1.22.0/opentelemetry-sdk-1.22.0.jar:/Users/alfifarikhchevelian/.m2/repository/io/opentelemetry/opentelemetry-semconv/1.22.0-alpha/opentelemetry-semconv-1.22.0-alpha.jar:/Users/alfifarikhchevelian/.m2/repository/io/ous/jtoml/2.0.0/jtoml-2.0.0.jar:/Users/alfifarikhchevelian/.m2/repository/net/bytebuddy/byte-buddy/1.12.22/byte-buddy-1.12.22.jar:/Users/alfifarikhchevelian/.m2/repository/org/apache/commons/commons-exec/1.3/commons-exec-1.3.jar:/Users/alfifarikhchevelian/.m2/repository/org/asynchttpclient/async-http-client/2.12.3/async-http-client-2.12.3.jar:/Users/alfifarikhchevelian/.m2/repository/org/asynchttpclient/async-http-client-netty-utils/2.12.3/async-http-client-netty-utils-2.12.3.jar:/Users/alfifarikhchevelian/.m2/repository/io/netty/netty-codec-socks/4.1.60.Final/netty-codec-socks-4.1.60.Final.jar:/Users/alfifarikhchevelian/.m2/repository/io/netty/netty-handler-proxy/4.1.60.Final/netty-handler-proxy-4.1.60.Final.jar:/Users/alfifarikhchevelian/.m2/repository/io/netty/netty-transport-native-epoll/4.1.60.Final/netty-transport-native-epoll-4.1.60.Final-linux-x86_64.jar:/Users/alfifarikhchevelian/.m2/repository/io/netty/netty-transport-native-kqueue/4.1.60.Final/netty-transport-native-kqueue-4.1.60.Final-osx-x86_64.jar:/Users/alfifarikhchevelian/.m2/repository/org/reactivestreams/reactive-streams/1.0.3/reactive-streams-1.0.3.jar:/Users/alfifarikhchevelian/.m2/repository/com/typesafe/netty/netty-reactive-streams/2.0.4/netty-reactive-streams-2.0.4.jar:/Users/alfifarikhchevelian/.m2/repository/org/slf4j/slf4j-api/1.7.30/slf4j-api-1.7.30.jar:/Users/alfifarikhchevelian/.m2/repository/com/sun/activation/jakarta.activation/1.2.2/jakarta.activation-1.2.2.jar:/Users/alfifarikhchevelian/.m2/repository/org/seleniumhq/selenium/selenium-manager/4.8.0/selenium-manager-4.8.0.jar:/Users/alfifarikhchevelian/.m2/repository/org/seleniumhq/selenium/selenium-safari-driver/4.8.0/selenium-safari-driver-4.8.0.jar:/Users/alfifarikhchevelian/.m2/repository/org/seleniumhq/selenium/selenium-support/4.8.0/selenium-support-4.8.0.jar:/Users/alfifarikhchevelian/.m2/repository/org/testng/testng/7.5.1/testng-7.5.1.jar:/Users/alfifarikhchevelian/.m2/repository/com/google/code/findbugs/jsr305/3.0.1/jsr305-3.0.1.jar:/Users/alfifarikhchevelian/.m2/repository/com/beust/jcommander/1.78/jcommander-1.78.jar:/Users/alfifarikhchevelian/.m2/repository/org/webjars/jquery/3.5.1/jquery-3.5.1.jar:"/>
    <property name="sun.cpu.endian" value="little"/>
    <property name="user.home" value="/Users/alfifarikhchevelian"/>
    <property name="user.language" value="en"/>
    <property name="java.specification.vendor" value="Oracle Corporation"/>
    <property name="java.home" value="/Users/alfifarikhchevelian/Library/Java/JavaVirtualMachines/corretto-1.8.0_382/Contents/Home/jre"/>
    <property name="basedir" value="/Users/alfifarikhchevelian/YopmailAutomationAlfi"/>
    <property name="file.separator" value="/"/>
    <property name="line.separator" value="&#10;"/>
    <property name="java.vm.specification.vendor" value="Oracle Corporation"/>
    <property name="java.specification.name" value="Java Platform API Specification"/>
    <property name="java.awt.graphicsenv" value="sun.awt.CGraphicsEnvironment"/>
    <property name="surefire.real.class.path" value="/Users/alfifarikhchevelian/YopmailAutomationAlfi/target/surefire/surefirebooter-20240128103609655_3.jar"/>
    <property name="sun.boot.class.path" value="/Users/alfifarikhchevelian/Library/Java/JavaVirtualMachines/corretto-1.8.0_382/Contents/Home/jre/lib/resources.jar:/Users/alfifarikhchevelian/Library/Java/JavaVirtualMachines/corretto-1.8.0_382/Contents/Home/jre/lib/rt.jar:/Users/alfifarikhchevelian/Library/Java/JavaVirtualMachines/corretto-1.8.0_382/Contents/Home/jre/lib/sunrsasign.jar:/Users/alfifarikhchevelian/Library/Java/JavaVirtualMachines/corretto-1.8.0_382/Contents/Home/jre/lib/jsse.jar:/Users/alfifarikhchevelian/Library/Java/JavaVirtualMachines/corretto-1.8.0_382/Contents/Home/jre/lib/jce.jar:/Users/alfifarikhchevelian/Library/Java/JavaVirtualMachines/corretto-1.8.0_382/Contents/Home/jre/lib/charsets.jar:/Users/alfifarikhchevelian/Library/Java/JavaVirtualMachines/corretto-1.8.0_382/Contents/Home/jre/lib/jfr.jar:/Users/alfifarikhchevelian/Library/Java/JavaVirtualMachines/corretto-1.8.0_382/Contents/Home/jre/classes"/>
    <property name="sun.management.compiler" value="HotSpot 64-Bit Tiered Compilers"/>
    <property name="ftp.nonProxyHosts" value="local|*.local|169.254/16|*.169.254/16"/>
    <property name="java.runtime.version" value="1.8.0_382-b05"/>
    <property name="user.name" value="alfifarikhchevelian"/>
    <property name="path.separator" value=":"/>
    <property name="os.version" value="14.2.1"/>
    <property name="java.endorsed.dirs" value="/Users/alfifarikhchevelian/Library/Java/JavaVirtualMachines/corretto-1.8.0_382/Contents/Home/jre/lib/endorsed"/>
    <property name="java.runtime.name" value="OpenJDK Runtime Environment"/>
    <property name="file.encoding" value="UTF-8"/>
    <property name="java.vm.name" value="OpenJDK 64-Bit Server VM"/>
    <property name="localRepository" value="/Users/alfifarikhchevelian/.m2/repository"/>
    <property name="java.vendor.url.bug" value="https://github.com/corretto/corretto-8/issues/"/>
    <property name="java.io.tmpdir" value="/var/folders/kz/_wl8scfd6h728_x2k3b0tdnc0000gp/T/"/>
    <property name="java.version" value="1.8.0_382"/>
    <property name="user.dir" value="/Users/alfifarikhchevelian/YopmailAutomationAlfi"/>
    <property name="os.arch" value="aarch64"/>
    <property name="java.vm.specification.name" value="Java Virtual Machine Specification"/>
    <property name="java.awt.printerjob" value="sun.lwawt.macosx.CPrinterJob"/>
    <property name="sun.os.patch.level" value="unknown"/>
    <property name="java.library.path" value="/Users/alfifarikhchevelian/Library/Java/Extensions:/Library/Java/Extensions:/Network/Library/Java/Extensions:/System/Library/Java/Extensions:/usr/lib/java:."/>
    <property name="java.vm.info" value="mixed mode"/>
    <property name="java.vendor" value="Amazon.com Inc."/>
    <property name="java.vm.version" value="25.382-b05"/>
    <property name="java.specification.maintenance.version" value="5"/>
    <property name="java.ext.dirs" value="/Users/alfifarikhchevelian/Library/Java/Extensions:/Users/alfifarikhchevelian/Library/Java/JavaVirtualMachines/corretto-1.8.0_382/Contents/Home/jre/lib/ext:/Library/Java/Extensions:/Network/Library/Java/Extensions:/System/Library/Java/Extensions:/usr/lib/java"/>
    <property name="sun.io.unicode.encoding" value="UnicodeBig"/>
    <property name="java.class.version" value="52.0"/>
    <property name="socksNonProxyHosts" value="local|*.local|169.254/16|*.169.254/16"/>
  </properties>
  <testcase name="TestCase1" classname="org.example.AppTest" time="13.384">
    <system-err><![CDATA[SLF4J: Failed to load class "org.slf4j.impl.StaticLoggerBinder".
SLF4J: Defaulting to no-operation (NOP) logger implementation
SLF4J: See http://www.slf4j.org/codes.html#StaticLoggerBinder for further details.
1706412971516	geckodriver	INFO	Listening on 127.0.0.1:1376
1706412971909	mozrunner::runner	INFO	Running command: MOZ_CRASHREPORTER="1" MOZ_CRASHREPORTER_NO_REPORT="1" MOZ_CRASHREPORTER_SHUTDOWN="1" MOZ_NO_REMOTE="1" "/App ... //[::1]:8502/" "-foreground" "-no-remote" "-profile" "/var/folders/kz/_wl8scfd6h728_x2k3b0tdnc0000gp/T/rust_mozprofiletnP6Xc"
console.warn: services.settings: Ignoring preference override of remote settings server
console.warn: services.settings: Allow by setting MOZ_REMOTE_SETTINGS_DEVTOOLS=1 in the environment
1706412972461	Marionette	INFO	Marionette enabled
2024-01-28 10:36:12.860 firefox[6736:100116] WARNING: Secure coding is not enabled for restorable state! Enable secure coding by implementing NSApplicationDelegate.applicationSupportsSecureRestorableState: and returning YES.
console.error: "Warning: unrecognized command line flag" "-remote-allow-hosts"
console.error: "Warning: unrecognized command line flag" "-remote-allow-origins"
1706412973026	Marionette	INFO	Listening on port 61053
WebDriver BiDi listening on ws://127.0.0.1:8502
1706412973280	RemoteAgent	WARN	TLS certificate errors will be ignored for this session
DevTools listening on ws://127.0.0.1:8502/devtools/browser/3b33ca4b-fb59-4ea4-a180-27385636ebfc
1706412982438	RemoteAgent	INFO	Perform WebSocket upgrade for incoming connection from 127.0.0.1:61165
1706412982444	CDP	WARN	Invalid browser preferences for CDP. Set "fission.webContentIsolationStrategy"to 0 and "fission.bfcacheInParent" to false before Firefox starts.
1706412982486	Marionette	INFO	Stopped listening on port 61053
JavaScript warning: https://pagead2.googlesyndication.com/bg/P1hqgBmkkNDwT9zug75Po3J06KDKU0QoOZK6hiZMV2E.js line 2 > eval, line 4079: Script terminated by timeout at:
I@https://pagead2.googlesyndication.com/bg/P1hqgBmkkNDwT9zug75Po3J06KDKU0QoOZK6hiZMV2E.js line 2 > eval:4079:5269
Gv@https://pagead2.googlesyndication.com/bg/P1hqgBmkkNDwT9zug75Po3J06KDKU0QoOZK6hiZMV2E.js line 2 > eval:4079:33901
x.s</<@https://pagead2.googlesyndication.com/bg/P1hqgBmkkNDwT9zug75Po3J06KDKU0QoOZK6hiZMV2E.js line 2 > eval:4079:49063
vx@https://pagead2.googlesyndication.com/bg/P1hqgBmkkNDwT9zug75Po3J06KDKU0QoOZK6hiZMV2E.js line 2 > eval:4079:26822
KP@https://pagead2.googlesyndication.com/bg/P1hqgBmkkNDwT9zug75Po3J06KDKU0QoOZK6hiZMV2E.js line 2 > eval:4079:17911
zG@https://pagead2.googlesyndication.com/bg/P1hqgBmkkNDwT9zug75Po3J06KDKU0QoOZK6hiZMV2E.js line 2 > eval:4079:17120
m7@https://pagead2.googlesyndication.com/bg/P1hqgBmkkNDwT9zug75Po3J06KDKU0QoOZK6hiZMV2E.js line 2 > eval:4079:27704
F@https://pagead2.googlesyndication.com/bg/P1hqgBmkkNDwT9zug75Po3J06KDKU0QoOZK6hiZMV2E.js line 2 > eval:4079:23521
@https://pagead2.googlesyndication.com/bg/P1hqgBmkkNDwT9zug75Po3J06KDKU0QoOZK6hiZMV2E.js line 2 > eval:4079:50785
S@https://pagead2.googlesyndication.com/bg/P1hqgBmkkNDwT9zug75Po3J06KDKU0QoOZK6hiZMV2E.js line 2 > eval:4079:13967
ht@https://pagead2.googlesyndication.com/bg/P1hqgBmkkNDwT9zug75Po3J06KDKU0QoOZK6hiZMV2E.js line 2 > eval:4079:34726
bg@https://pagead2.googlesyndication.com/bg/P1hqgBmkkNDwT9zug75Po3J06KDKU0QoOZK6hiZMV2E.js line 2 > eval:4079:3896
wo@https://pagead2.googlesyndication.com/bg/P1hqgBmkkNDwT9zug75Po3J06KDKU0QoOZK6hiZMV2E.js line 2 > eval:4079:23416
Ia/<@https://googleads.g.doubleclick.net/pagead/ads?client=ca-pub-5609129721109980&output=html&h=194&slotname=8593476511&adk=3210112960&adf=844537689&pi=t.ma~as.8593476511&w=775&lmt=1706412977&rafmt=11&format=775x194&url=https%3A%2F%2Fyopmail.com%2Fen%2F&fwrattr=false&wgl=1&dt=1706412980463&bpp=3&bdt=2954&idt=211&shv=r20240122&mjsv=m202401230101&ptt=9&saldr=aa&abxe=1&prev_fmts=0x0%2C696x120%2C325x200&nras=1&correlator=6840524058036&frm=20&pv=1&ga_vid=81172289.1706412981&ga_sid=1706412981&ga_hid=1068300120&ga_fc=0&rplot=4&u_tz=420&u_his=1&u_h=900&u_w=1440&u_ah=799&u_aw=1440&u_cd=30&u_sd=2&adx=432&ady=462&biw=1280&bih=634&scr_x=0&scr_y=0&eid=44759875%2C44759926%2C31079437%2C31080591%2C95320377%2C95320869%2C95320889%2C95321626%2C95322164%2C95323005&oid=2&pvsid=4144914867733664&tmod=1176664551&nvt=1&fc=1920&brdim=4%2C25%2C4%2C25%2C1440%2C25%2C1280%2C719%2C1280%2C634&vis=1&rsz=%7C%7CEe%7C&abl=CS&pfx=0&fu=128&bc=31&bz=1&ifi=4&uci=a!4&fsb=1&dtd=218:1:62173
Na@https://googleads.g.doubleclick.net/pagead/ads?client=ca-pub-5609129721109980&output=html&h=194&slotname=8593476511&adk=3210112960&adf=844537689&pi=t.ma~as.8593476511&w=775&lmt=1706412977&rafmt=11&format=775x194&url=https%3A%2F%2Fyopmail.com%2Fen%2F&fwrattr=false&wgl=1&dt=1706412980463&bpp=3&bdt=2954&idt=211&shv=r20240122&mjsv=m202401230101&ptt=9&saldr=aa&abxe=1&prev_fmts=0x0%2C696x120%2C325x200&nras=1&correlator=6840524058036&frm=20&pv=1&ga_vid=81172289.1706412981&ga_sid=1706412981&ga_hid=1068300120&ga_fc=0&rplot=4&u_tz=420&u_his=1&u_h=900&u_w=1440&u_ah=799&u_aw=1440&u_cd=30&u_sd=2&adx=432&ady=462&biw=1280&bih=634&scr_x=0&scr_y=0&eid=44759875%2C44759926%2C31079437%2C31080591%2C95320377%2C95320869%2C95320889%2C95321626%2C95322164%2C95323005&oid=2&pvsid=4144914867733664&tmod=1176664551&nvt=1&fc=1920&brdim=4%2C25%2C4%2C25%2C1440%2C25%2C1280%2C719%2C1280%2C634&vis=1&rsz=%7C%7CEe%7C&abl=CS&pfx=0&fu=128&bc=31&bz=1&ifi=4&uci=a!4&fsb=1&dtd=218:1:62354
Ia@https://googleads.g.doubleclick.net/pagead/ads?client=ca-pub-5609129721109980&output=html&h=194&slotname=8593476511&adk=3210112960&adf=844537689&pi=t.ma~as.8593476511&w=775&lmt=1706412977&rafmt=11&format=775x194&url=https%3A%2F%2Fyopmail.com%2Fen%2F&fwrattr=false&wgl=1&dt=1706412980463&bpp=3&bdt=2954&idt=211&shv=r20240122&mjsv=m202401230101&ptt=9&saldr=aa&abxe=1&prev_fmts=0x0%2C696x120%2C325x200&nras=1&correlator=6840524058036&frm=20&pv=1&ga_vid=81172289.1706412981&ga_sid=1706412981&ga_hid=1068300120&ga_fc=0&rplot=4&u_tz=420&u_his=1&u_h=900&u_w=1440&u_ah=799&u_aw=1440&u_cd=30&u_sd=2&adx=432&ady=462&biw=1280&bih=634&scr_x=0&scr_y=0&eid=44759875%2C44759926%2C31079437%2C31080591%2C95320377%2C95320869%2C95320889%2C95321626%2C95322164%2C95323005&oid=2&pvsid=4144914867733664&tmod=1176664551&nvt=1&fc=1920&brdim=4%2C25%2C4%2C25%2C1440%2C25%2C1280%2C719%2C1280%2C634&vis=1&rsz=%7C%7CEe%7C&abl=CS&pfx=0&fu=128&bc=31&bz=1&ifi=4&uci=a!4&fsb=1&dtd=218:1:62163

JavaScript warning: https://pagead2.googlesyndication.com/bg/IHSjRKKj3q_1Pt3c2sGWHmUCy_Bw5n5yhKh9CWyZSw4.js line 2 > eval, line 573: Script terminated by timeout at:
gT@https://pagead2.googlesyndication.com/bg/IHSjRKKj3q_1Pt3c2sGWHmUCy_Bw5n5yhKh9CWyZSw4.js line 2 > eval:573:15020
G@https://pagead2.googlesyndication.com/bg/IHSjRKKj3q_1Pt3c2sGWHmUCy_Bw5n5yhKh9CWyZSw4.js line 2 > eval:573:25556
@https://pagead2.googlesyndication.com/bg/IHSjRKKj3q_1Pt3c2sGWHmUCy_Bw5n5yhKh9CWyZSw4.js line 2 > eval:573:21077
qC@https://pagead2.googlesyndication.com/bg/IHSjRKKj3q_1Pt3c2sGWHmUCy_Bw5n5yhKh9CWyZSw4.js line 2 > eval:573:14406
@https://pagead2.googlesyndication.com/bg/IHSjRKKj3q_1Pt3c2sGWHmUCy_Bw5n5yhKh9CWyZSw4.js line 2 > eval:573:36674
Iv@https://pagead2.googlesyndication.com/bg/IHSjRKKj3q_1Pt3c2sGWHmUCy_Bw5n5yhKh9CWyZSw4.js line 2 > eval:573:24888
qk@https://pagead2.googlesyndication.com/bg/IHSjRKKj3q_1Pt3c2sGWHmUCy_Bw5n5yhKh9CWyZSw4.js line 2 > eval:573:7326
R@https://pagead2.googlesyndication.com/bg/IHSjRKKj3q_1Pt3c2sGWHmUCy_Bw5n5yhKh9CWyZSw4.js line 2 > eval:573:2577
uY@https://pagead2.googlesyndication.com/bg/IHSjRKKj3q_1Pt3c2sGWHmUCy_Bw5n5yhKh9CWyZSw4.js line 2 > eval:573:20009
M@https://pagead2.googlesyndication.com/bg/IHSjRKKj3q_1Pt3c2sGWHmUCy_Bw5n5yhKh9CWyZSw4.js line 2 > eval:573:19657
@https://pagead2.googlesyndication.com/bg/IHSjRKKj3q_1Pt3c2sGWHmUCy_Bw5n5yhKh9CWyZSw4.js line 2 > eval:573:38695
Kl@https://pagead2.googlesyndication.com/bg/IHSjRKKj3q_1Pt3c2sGWHmUCy_Bw5n5yhKh9CWyZSw4.js line 2 > eval:573:1379
Ts@https://pagead2.googlesyndication.com/bg/IHSjRKKj3q_1Pt3c2sGWHmUCy_Bw5n5yhKh9CWyZSw4.js line 2 > eval:573:17562
J@https://pagead2.googlesyndication.com/bg/IHSjRKKj3q_1Pt3c2sGWHmUCy_Bw5n5yhKh9CWyZSw4.js line 2 > eval:573:8709
VU@https://pagead2.googlesyndication.com/bg/IHSjRKKj3q_1Pt3c2sGWHmUCy_Bw5n5yhKh9CWyZSw4.js line 2 > eval:573:18447
va/<@https://tpc.googlesyndication.com/sodar/sodar2/225/runner.html:27:191
va@https://tpc.googlesyndication.com/sodar/sodar2/225/runner.html:27:129
d/<@https://tpc.googlesyndication.com/sodar/sodar2/225/runner.html:26:436
J@https://tpc.googlesyndication.com/sodar/sodar2/225/runner.html:16:39
ha/this.next@https://tpc.googlesyndication.com/sodar/sodar2/225/runner.html:17:89
k@https://tpc.googlesyndication.com/sodar/sodar2/225/runner.html:24:287

JavaScript warning: https://pagead2.googlesyndication.com/pagead/managed/js/adsense/m202401230101/show_ads_impl_fy2021.js, line 533: Script terminated by timeout at:
TN/<@https://pagead2.googlesyndication.com/pagead/managed/js/adsense/m202401230101/show_ads_impl_fy2021.js:533:354

JavaScript error: , line 0: TypeError: NetworkError when attempting to fetch resource.
JavaScript error: , line 0: TypeError: NetworkError when attempting to fetch resource.
JavaScript error: , line 0: TypeError: NetworkError when attempting to fetch resource.
]]></system-err>
  </testcase>
</testsuite>